         1:                    
         2:                    
         3:                    ;;;;;;;;;;;;;;;;;;;;;;;;;;;;;;;;;;;;;;;;;;;;;;;;;;;;;;;;;;;;;;;;;;;;;;;;;;;;;;;;
         4:                    ;                                                                              ;
         5:                    ;                          Virtual Memory Kernel (VMK)                         ;
         6:                    ;                                                                              ;
         7:                    ;       Version: v0.0.1                                                        ;
         8:                    ;       Author: Craig Gregory (CJG)                                            ;
         9:                    ;                                                                              ;
        10:                    ;;;;;;;;;;;;;;;;;;;;;;;;;;;;;;;;;;;;;;;;;;;;;;;;;;;;;;;;;;;;;;;;;;;;;;;;;;;;;;;;
        11:                    
        12:                    ;       Label                   OPC     Operand/Arg
        13:                    ;  |   |   |   |   |   |   |   |   |   |   |   |   |   |   |   |   |   |   |   |
        14:                    
        15:  0000 20 0C 00                                     JSR     subroutine
        16:  0003 08 00                                       .word    eoa
        17:  0005 00                                          .byte    $00
        18:  0006 FF FF                                       .word    $FFFF
        19:  0008                                      eoa
        20:  0008 EA                                           NOP
        21:                    
        22:                    
        23:  0009 00                                   regA   .byte    $00
        24:  000A 00 00                                args   .word    $0000
        25:  000C                      subroutine
        26:  000C 85 09                                        STA     regA    ; Save A register
        27:                    
        28:  000E 68                                           PLA             ; Save return address
        29:  000F 85 0A                                        STA     args
        30:  0011 68                                           PLA
        31:  0012 85 0B                                        STA     args +1
        32:                    
        33:                    
        34:                    
        35:  0014 A5 0B                                        LDA     args +1 ; Restore return address
        36:  0016 48                                           PHA
        37:  0017 A5 0A                                        LDA     args
        38:  0019 48                                           PHA
        39:                    
        40:  001A A5 09                                        LDA     regA    ; Restore A register
        41:                    
        42:  001C 60                                           RTS
        43:                    
